[2025-02-18 14:03:07] [32MINFO[39M: Creating socket...
[2025-02-18 14:03:07] [32MINFO[39M: Getting users...
[2025-02-18 14:03:18] [32MINFO[39M: Getting attendances...
[2025-02-18 14:03:18] [32MINFO[39M: Correlating entries and exits...
[2025-02-18 14:03:18] [32MINFO[39M: Sorting by in time...
[2025-02-18 14:03:18] [32MINFO[39M: Closing socket...
[2025-02-18 14:03:38] [32MINFO[39M: Creating socket...
[2025-02-18 14:03:38] [32MINFO[39M: Getting users...
[2025-02-18 14:03:38] [32MINFO[39M: Getting attendances...
[2025-02-18 14:03:38] [32MINFO[39M: Correlating entries and exits...
[2025-02-18 14:03:38] [32MINFO[39M: Sorting by in time...
[2025-02-18 14:03:38] [32MINFO[39M: Closing socket...
[2025-02-18 14:10:27] [32MINFO[39M: Creating socket...
[2025-02-18 14:10:27] [32MINFO[39M: Getting users...
[2025-02-18 14:10:28] [32MINFO[39M: Getting attendances...
[2025-02-18 14:10:28] [32MINFO[39M: Correlating entries and exits...
[2025-02-18 14:10:28] [32MINFO[39M: Sorting by in time...
[2025-02-18 14:10:28] [32MINFO[39M: Closing socket...
[2025-02-18 14:10:38] [32MINFO[39M: Creating socket...
[2025-02-18 14:10:38] [32MINFO[39M: Getting users...
[2025-02-18 14:10:38] [32MINFO[39M: Getting attendances...
[2025-02-18 14:10:39] [32MINFO[39M: Correlating entries and exits...
[2025-02-18 14:10:39] [32MINFO[39M: Sorting by in time...
[2025-02-18 14:10:39] [32MINFO[39M: Closing socket...
[2025-02-18 14:13:15] [32MINFO[39M: Creating socket...
[2025-02-18 14:13:15] [32MINFO[39M: Getting users...
[2025-02-18 14:13:15] [32MINFO[39M: Getting attendances...
[2025-02-18 14:13:15] [32MINFO[39M: Correlating entries and exits...
[2025-02-18 14:13:15] [32MINFO[39M: Sorting by in time...
[2025-02-18 14:13:15] [32MINFO[39M: Closing socket...
[2025-02-18 14:28:51] [32MINFO[39M: Creating socket...
[2025-02-18 14:28:51] [32MINFO[39M: Getting users...
[2025-02-18 14:28:51] [32MINFO[39M: Getting attendances...
[2025-02-18 14:28:52] [32MINFO[39M: Correlating entries and exits...
[2025-02-18 14:28:52] [32MINFO[39M: Sorting by in time...
[2025-02-18 14:28:52] [32MINFO[39M: Closing socket...
[2025-02-18 14:29:13] [32MINFO[39M: Creating socket...
[2025-02-18 14:29:13] [32MINFO[39M: Getting users...
[2025-02-18 14:29:13] [32MINFO[39M: Getting attendances...
[2025-02-18 14:29:13] [32MINFO[39M: Correlating entries and exits...
[2025-02-18 14:29:13] [32MINFO[39M: Sorting by in time...
[2025-02-18 14:29:13] [32MINFO[39M: Closing socket...
[2025-02-18 14:41:28] [32MINFO[39M: Creating socket...
[2025-02-18 14:41:28] [32MINFO[39M: Getting users...
[2025-02-18 14:41:28] [32MINFO[39M: Getting attendances...
[2025-02-18 14:41:29] [32MINFO[39M: Correlating entries and exits...
[2025-02-18 14:41:29] [32MINFO[39M: Sorting by in time...
[2025-02-18 14:41:29] [32MINFO[39M: Closing socket...
[2025-02-18 14:42:01] [32MINFO[39M: Creating socket...
[2025-02-18 14:42:01] [32MINFO[39M: Getting users...
[2025-02-18 14:42:02] [32MINFO[39M: Getting attendances...
[2025-02-18 14:42:02] [32MINFO[39M: Correlating entries and exits...
[2025-02-18 14:42:02] [32MINFO[39M: Sorting by in time...
[2025-02-18 14:42:02] [32MINFO[39M: Closing socket...
[2025-02-18 14:43:43] [32MINFO[39M: Creating socket...
[2025-02-18 14:43:43] [32MINFO[39M: Getting users...
[2025-02-18 14:43:43] [32MINFO[39M: Getting attendances...
[2025-02-18 14:43:44] [32MINFO[39M: Correlating entries and exits...
[2025-02-18 14:43:44] [32MINFO[39M: Sorting by in time...
[2025-02-18 14:43:44] [32MINFO[39M: Closing socket...
[2025-02-18 14:44:53] [32MINFO[39M: Creating socket...
[2025-02-18 14:44:54] [32MINFO[39M: Getting users...
[2025-02-18 14:44:54] [32MINFO[39M: Getting attendances...
[2025-02-18 14:44:54] [32MINFO[39M: Correlating entries and exits...
[2025-02-18 14:44:55] [32MINFO[39M: Sorting by in time...
[2025-02-18 14:44:55] [32MINFO[39M: Closing socket...
[2025-02-18 14:46:24] [32MINFO[39M: Creating socket...
[2025-02-18 14:46:25] [32MINFO[39M: Getting users...
[2025-02-18 14:46:25] [32MINFO[39M: Getting attendances...
[2025-02-18 14:46:25] [32MINFO[39M: Correlating entries and exits...
[2025-02-18 14:46:25] [32MINFO[39M: Sorting by in time...
[2025-02-18 14:46:25] [32MINFO[39M: Closing socket...
[2025-02-18 14:46:41] [32MINFO[39M: Creating socket...
[2025-02-18 14:46:41] [32MINFO[39M: Getting users...
[2025-02-18 14:46:41] [32MINFO[39M: Getting attendances...
[2025-02-18 14:46:41] [32MINFO[39M: Correlating entries and exits...
[2025-02-18 14:46:41] [32MINFO[39M: Sorting by in time...
[2025-02-18 14:46:41] [32MINFO[39M: Closing socket...
